2025-02-03 16:36:49.236 | ERROR    | ml_model:predict:22 - Prediction error: 'dict' object has no attribute 'predict'
2025-02-03 16:36:49.237 | ERROR    | prediction_service:predict_ranking:69 - Prediction service error: 'dict' object has no attribute 'predict'
2025-02-03 16:52:32.970 | ERROR    | ml_model:predict:40 - Prediction error: DataFrame.dtypes for data must be int, float, bool or category. When categorical type is supplied, the experimental DMatrix parameter`enable_categorical` must be set to `True`.  Invalid columns:baseAdmissionRanking: object, outOfCityStudentRate: object, avgOrderofPreference: object, top3AdmittedRatio: object, totalStudentNumber: object, Urap_Rank: object, Urap_Score: object, avg_monthly_income_group: object, Time_for_employment: object, employment_rate: object, quota: object, occupiedSlots: object, tuitionFee: object, topRanking: object, avgAdmissionRanking: object, stdDeviationStudents: object, revenue: object, totalPreference: object, top1PreferenceRatio: object, avgAdmittedStudentPrefOrder: object, top1AdmittedRatio: object, top10AdmittedRatio: object, admittedTotalPref: object, admittedTotalDepartmentPref: object, currentStudentCount: object, baseScore: object, topScore: object, totalForeignStudents: object
2025-02-03 16:52:32.971 | ERROR    | ml_model:predict:41 - Input data shape: (1, 61)
2025-02-03 16:52:32.972 | ERROR    | ml_model:predict:42 - Input data columns: Index(['universityName', 'faculty', 'departmentName', 'idOSYM',
       'scholarshipRate', 'universityLocation', 'universityRegion',
       'baseAdmissionRanking', 'outOfCityStudentRate', 'avgOrderofPreference',
       'top3AdmittedRatio', 'totalStudentNumber', 'Urap_Rank', 'Urap_Score',
       'avg_monthly_income_group', 'Time_for_employment', 'employment_rate',
       'inflation_by_year', 'growth_by_year', 'quota', 'occupiedSlots',
       'tuitionFee', 'profCount', 'assoCount', 'docCount', 'topRanking',
       'avgAdmissionRanking', 'stdDeviationStudents', 'revenue',
       'totalPreference', 'top1PreferenceRatio', 'avgAdmittedStudentPrefOrder',
       'top1AdmittedRatio', 'top10AdmittedRatio', 'admittedTotalPref',
       'admittedTotalDepartmentPref', 'currentStudentCount', 'baseScore',
       'topScore', 'totalForeignStudents', 'base_salary_by_year',
       'universityType_devlet', 'universityType_vakıf', 'programType_DİL',
       'programType_EA', 'programType_SAY', 'programType_SÖZ',
       'language_Almanca', 'language_Arapça', 'language_Bulgarca',
       'language_Ermenice', 'language_Fransızca', 'language_Korece',
       'language_Lehçe', 'language_Rusça', 'language_Türkçe', 'language_Çince',
       'language_İngilizce', 'language_İspanyolca', 'language_İtalyanca',
       'academicYear_flag'],
      dtype='object')
2025-02-03 16:52:32.973 | ERROR    | prediction_service:predict_ranking:69 - Prediction service error: DataFrame.dtypes for data must be int, float, bool or category. When categorical type is supplied, the experimental DMatrix parameter`enable_categorical` must be set to `True`.  Invalid columns:baseAdmissionRanking: object, outOfCityStudentRate: object, avgOrderofPreference: object, top3AdmittedRatio: object, totalStudentNumber: object, Urap_Rank: object, Urap_Score: object, avg_monthly_income_group: object, Time_for_employment: object, employment_rate: object, quota: object, occupiedSlots: object, tuitionFee: object, topRanking: object, avgAdmissionRanking: object, stdDeviationStudents: object, revenue: object, totalPreference: object, top1PreferenceRatio: object, avgAdmittedStudentPrefOrder: object, top1AdmittedRatio: object, top10AdmittedRatio: object, admittedTotalPref: object, admittedTotalDepartmentPref: object, currentStudentCount: object, baseScore: object, topScore: object, totalForeignStudents: object
2025-02-03 16:59:29.845 | ERROR    | prediction_service:predict_ranking:70 - Prediction service error: 'list' object has no attribute 'columns'
2025-02-03 17:00:34.980 | ERROR    | ml_model:predict:40 - Prediction error: feature_names mismatch: ['academicYear', 'universityName', 'faculty', 'departmentName', 'idOSYM', 'scholarshipRate', 'quota', 'occupiedSlots', 'tuitionFee', 'universityLocation', 'universityRegion', 'profCount', 'assoCount', 'docCount', 'topRanking', 'avgAdmissionRanking', 'baseAdmissionRanking', 'stdDeviationStudents', 'revenue', 'outOfCityStudentRate', 'totalPreference', 'top1PreferenceRatio', 'avgOrderofPreference', 'avgAdmittedStudentPrefOrder', 'top1AdmittedRatio', 'top3AdmittedRatio', 'top10AdmittedRatio', 'admittedTotalPref', 'admittedTotalDepartmentPref', 'currentStudentCount', 'baseScore', 'topScore', 'totalForeignStudents', 'totalStudentNumber', 'Urap_Rank', 'Urap_Score', 'avg_monthly_income_group', 'Time_for_employment', 'employment_rate', 'base_salary_by_year', 'inflation_by_year', 'growth_by_year', 'universityType_devlet', 'universityType_vakıf', 'programType_DİL', 'programType_EA', 'programType_SAY', 'programType_SÖZ', 'language_Almanca', 'language_Arapça', 'language_Bulgarca', 'language_Ermenice', 'language_Fransızca', 'language_Korece', 'language_Lehçe', 'language_Rusça', 'language_Türkçe', 'language_Çince', 'language_İngilizce', 'language_İspanyolca', 'language_İtalyanca'] ['universityName', 'faculty', 'departmentName', 'idOSYM', 'scholarshipRate', 'universityLocation', 'universityRegion', 'baseAdmissionRanking', 'outOfCityStudentRate', 'avgOrderofPreference', 'top3AdmittedRatio', 'totalStudentNumber', 'Urap_Rank', 'Urap_Score', 'avg_monthly_income_group', 'Time_for_employment', 'employment_rate', 'inflation_by_year', 'growth_by_year', 'quota', 'occupiedSlots', 'tuitionFee', 'profCount', 'assoCount', 'docCount', 'topRanking', 'avgAdmissionRanking', 'stdDeviationStudents', 'revenue', 'totalPreference', 'top1PreferenceRatio', 'avgAdmittedStudentPrefOrder', 'top1AdmittedRatio', 'top10AdmittedRatio', 'admittedTotalPref', 'admittedTotalDepartmentPref', 'currentStudentCount', 'baseScore', 'topScore', 'totalForeignStudents', 'base_salary_by_year', 'universityType_devlet', 'universityType_vakıf', 'programType_DİL', 'programType_EA', 'programType_SAY', 'programType_SÖZ', 'language_Almanca', 'language_Arapça', 'language_Bulgarca', 'language_Ermenice', 'language_Fransızca', 'language_Korece', 'language_Lehçe', 'language_Rusça', 'language_Türkçe', 'language_Çince', 'language_İngilizce', 'language_İspanyolca', 'language_İtalyanca', 'academicYear_flag']
expected academicYear in input data
training data did not have the following fields: academicYear_flag
2025-02-03 17:00:34.981 | ERROR    | ml_model:predict:41 - Input data shape: (1, 61)
2025-02-03 17:00:34.982 | ERROR    | ml_model:predict:42 - Input data columns: Index(['universityName', 'faculty', 'departmentName', 'idOSYM',
       'scholarshipRate', 'universityLocation', 'universityRegion',
       'baseAdmissionRanking', 'outOfCityStudentRate', 'avgOrderofPreference',
       'top3AdmittedRatio', 'totalStudentNumber', 'Urap_Rank', 'Urap_Score',
       'avg_monthly_income_group', 'Time_for_employment', 'employment_rate',
       'inflation_by_year', 'growth_by_year', 'quota', 'occupiedSlots',
       'tuitionFee', 'profCount', 'assoCount', 'docCount', 'topRanking',
       'avgAdmissionRanking', 'stdDeviationStudents', 'revenue',
       'totalPreference', 'top1PreferenceRatio', 'avgAdmittedStudentPrefOrder',
       'top1AdmittedRatio', 'top10AdmittedRatio', 'admittedTotalPref',
       'admittedTotalDepartmentPref', 'currentStudentCount', 'baseScore',
       'topScore', 'totalForeignStudents', 'base_salary_by_year',
       'universityType_devlet', 'universityType_vakıf', 'programType_DİL',
       'programType_EA', 'programType_SAY', 'programType_SÖZ',
       'language_Almanca', 'language_Arapça', 'language_Bulgarca',
       'language_Ermenice', 'language_Fransızca', 'language_Korece',
       'language_Lehçe', 'language_Rusça', 'language_Türkçe', 'language_Çince',
       'language_İngilizce', 'language_İspanyolca', 'language_İtalyanca',
       'academicYear_flag'],
      dtype='object')
2025-02-03 17:00:34.982 | ERROR    | prediction_service:predict_ranking:70 - Prediction service error: feature_names mismatch: ['academicYear', 'universityName', 'faculty', 'departmentName', 'idOSYM', 'scholarshipRate', 'quota', 'occupiedSlots', 'tuitionFee', 'universityLocation', 'universityRegion', 'profCount', 'assoCount', 'docCount', 'topRanking', 'avgAdmissionRanking', 'baseAdmissionRanking', 'stdDeviationStudents', 'revenue', 'outOfCityStudentRate', 'totalPreference', 'top1PreferenceRatio', 'avgOrderofPreference', 'avgAdmittedStudentPrefOrder', 'top1AdmittedRatio', 'top3AdmittedRatio', 'top10AdmittedRatio', 'admittedTotalPref', 'admittedTotalDepartmentPref', 'currentStudentCount', 'baseScore', 'topScore', 'totalForeignStudents', 'totalStudentNumber', 'Urap_Rank', 'Urap_Score', 'avg_monthly_income_group', 'Time_for_employment', 'employment_rate', 'base_salary_by_year', 'inflation_by_year', 'growth_by_year', 'universityType_devlet', 'universityType_vakıf', 'programType_DİL', 'programType_EA', 'programType_SAY', 'programType_SÖZ', 'language_Almanca', 'language_Arapça', 'language_Bulgarca', 'language_Ermenice', 'language_Fransızca', 'language_Korece', 'language_Lehçe', 'language_Rusça', 'language_Türkçe', 'language_Çince', 'language_İngilizce', 'language_İspanyolca', 'language_İtalyanca'] ['universityName', 'faculty', 'departmentName', 'idOSYM', 'scholarshipRate', 'universityLocation', 'universityRegion', 'baseAdmissionRanking', 'outOfCityStudentRate', 'avgOrderofPreference', 'top3AdmittedRatio', 'totalStudentNumber', 'Urap_Rank', 'Urap_Score', 'avg_monthly_income_group', 'Time_for_employment', 'employment_rate', 'inflation_by_year', 'growth_by_year', 'quota', 'occupiedSlots', 'tuitionFee', 'profCount', 'assoCount', 'docCount', 'topRanking', 'avgAdmissionRanking', 'stdDeviationStudents', 'revenue', 'totalPreference', 'top1PreferenceRatio', 'avgAdmittedStudentPrefOrder', 'top1AdmittedRatio', 'top10AdmittedRatio', 'admittedTotalPref', 'admittedTotalDepartmentPref', 'currentStudentCount', 'baseScore', 'topScore', 'totalForeignStudents', 'base_salary_by_year', 'universityType_devlet', 'universityType_vakıf', 'programType_DİL', 'programType_EA', 'programType_SAY', 'programType_SÖZ', 'language_Almanca', 'language_Arapça', 'language_Bulgarca', 'language_Ermenice', 'language_Fransızca', 'language_Korece', 'language_Lehçe', 'language_Rusça', 'language_Türkçe', 'language_Çince', 'language_İngilizce', 'language_İspanyolca', 'language_İtalyanca', 'academicYear_flag']
expected academicYear in input data
training data did not have the following fields: academicYear_flag
2025-02-03 17:01:17.948 | ERROR    | ml_model:predict:40 - Prediction error: feature_names mismatch: ['academicYear', 'universityName', 'faculty', 'departmentName', 'idOSYM', 'scholarshipRate', 'quota', 'occupiedSlots', 'tuitionFee', 'universityLocation', 'universityRegion', 'profCount', 'assoCount', 'docCount', 'topRanking', 'avgAdmissionRanking', 'baseAdmissionRanking', 'stdDeviationStudents', 'revenue', 'outOfCityStudentRate', 'totalPreference', 'top1PreferenceRatio', 'avgOrderofPreference', 'avgAdmittedStudentPrefOrder', 'top1AdmittedRatio', 'top3AdmittedRatio', 'top10AdmittedRatio', 'admittedTotalPref', 'admittedTotalDepartmentPref', 'currentStudentCount', 'baseScore', 'topScore', 'totalForeignStudents', 'totalStudentNumber', 'Urap_Rank', 'Urap_Score', 'avg_monthly_income_group', 'Time_for_employment', 'employment_rate', 'base_salary_by_year', 'inflation_by_year', 'growth_by_year', 'universityType_devlet', 'universityType_vakıf', 'programType_DİL', 'programType_EA', 'programType_SAY', 'programType_SÖZ', 'language_Almanca', 'language_Arapça', 'language_Bulgarca', 'language_Ermenice', 'language_Fransızca', 'language_Korece', 'language_Lehçe', 'language_Rusça', 'language_Türkçe', 'language_Çince', 'language_İngilizce', 'language_İspanyolca', 'language_İtalyanca'] ['academicYear', 'universityName', 'faculty', 'departmentName', 'idOSYM', 'scholarshipRate', 'universityLocation', 'universityRegion', 'baseAdmissionRanking', 'outOfCityStudentRate', 'avgOrderofPreference', 'top3AdmittedRatio', 'totalStudentNumber', 'Urap_Rank', 'Urap_Score', 'avg_monthly_income_group', 'Time_for_employment', 'employment_rate', 'inflation_by_year', 'growth_by_year', 'quota', 'occupiedSlots', 'tuitionFee', 'profCount', 'assoCount', 'docCount', 'topRanking', 'avgAdmissionRanking', 'stdDeviationStudents', 'revenue', 'totalPreference', 'top1PreferenceRatio', 'avgAdmittedStudentPrefOrder', 'top1AdmittedRatio', 'top10AdmittedRatio', 'admittedTotalPref', 'admittedTotalDepartmentPref', 'currentStudentCount', 'baseScore', 'topScore', 'totalForeignStudents', 'base_salary_by_year', 'universityType_devlet', 'universityType_vakıf', 'programType_DİL', 'programType_EA', 'programType_SAY', 'programType_SÖZ', 'language_Almanca', 'language_Arapça', 'language_Bulgarca', 'language_Ermenice', 'language_Fransızca', 'language_Korece', 'language_Lehçe', 'language_Rusça', 'language_Türkçe', 'language_Çince', 'language_İngilizce', 'language_İspanyolca', 'language_İtalyanca']
2025-02-03 17:01:17.948 | ERROR    | ml_model:predict:41 - Input data shape: (1, 61)
2025-02-03 17:01:17.949 | ERROR    | ml_model:predict:42 - Input data columns: Index(['academicYear', 'universityName', 'faculty', 'departmentName', 'idOSYM',
       'scholarshipRate', 'universityLocation', 'universityRegion',
       'baseAdmissionRanking', 'outOfCityStudentRate', 'avgOrderofPreference',
       'top3AdmittedRatio', 'totalStudentNumber', 'Urap_Rank', 'Urap_Score',
       'avg_monthly_income_group', 'Time_for_employment', 'employment_rate',
       'inflation_by_year', 'growth_by_year', 'quota', 'occupiedSlots',
       'tuitionFee', 'profCount', 'assoCount', 'docCount', 'topRanking',
       'avgAdmissionRanking', 'stdDeviationStudents', 'revenue',
       'totalPreference', 'top1PreferenceRatio', 'avgAdmittedStudentPrefOrder',
       'top1AdmittedRatio', 'top10AdmittedRatio', 'admittedTotalPref',
       'admittedTotalDepartmentPref', 'currentStudentCount', 'baseScore',
       'topScore', 'totalForeignStudents', 'base_salary_by_year',
       'universityType_devlet', 'universityType_vakıf', 'programType_DİL',
       'programType_EA', 'programType_SAY', 'programType_SÖZ',
       'language_Almanca', 'language_Arapça', 'language_Bulgarca',
       'language_Ermenice', 'language_Fransızca', 'language_Korece',
       'language_Lehçe', 'language_Rusça', 'language_Türkçe', 'language_Çince',
       'language_İngilizce', 'language_İspanyolca', 'language_İtalyanca'],
      dtype='object')
2025-02-03 17:01:17.949 | ERROR    | prediction_service:predict_ranking:70 - Prediction service error: feature_names mismatch: ['academicYear', 'universityName', 'faculty', 'departmentName', 'idOSYM', 'scholarshipRate', 'quota', 'occupiedSlots', 'tuitionFee', 'universityLocation', 'universityRegion', 'profCount', 'assoCount', 'docCount', 'topRanking', 'avgAdmissionRanking', 'baseAdmissionRanking', 'stdDeviationStudents', 'revenue', 'outOfCityStudentRate', 'totalPreference', 'top1PreferenceRatio', 'avgOrderofPreference', 'avgAdmittedStudentPrefOrder', 'top1AdmittedRatio', 'top3AdmittedRatio', 'top10AdmittedRatio', 'admittedTotalPref', 'admittedTotalDepartmentPref', 'currentStudentCount', 'baseScore', 'topScore', 'totalForeignStudents', 'totalStudentNumber', 'Urap_Rank', 'Urap_Score', 'avg_monthly_income_group', 'Time_for_employment', 'employment_rate', 'base_salary_by_year', 'inflation_by_year', 'growth_by_year', 'universityType_devlet', 'universityType_vakıf', 'programType_DİL', 'programType_EA', 'programType_SAY', 'programType_SÖZ', 'language_Almanca', 'language_Arapça', 'language_Bulgarca', 'language_Ermenice', 'language_Fransızca', 'language_Korece', 'language_Lehçe', 'language_Rusça', 'language_Türkçe', 'language_Çince', 'language_İngilizce', 'language_İspanyolca', 'language_İtalyanca'] ['academicYear', 'universityName', 'faculty', 'departmentName', 'idOSYM', 'scholarshipRate', 'universityLocation', 'universityRegion', 'baseAdmissionRanking', 'outOfCityStudentRate', 'avgOrderofPreference', 'top3AdmittedRatio', 'totalStudentNumber', 'Urap_Rank', 'Urap_Score', 'avg_monthly_income_group', 'Time_for_employment', 'employment_rate', 'inflation_by_year', 'growth_by_year', 'quota', 'occupiedSlots', 'tuitionFee', 'profCount', 'assoCount', 'docCount', 'topRanking', 'avgAdmissionRanking', 'stdDeviationStudents', 'revenue', 'totalPreference', 'top1PreferenceRatio', 'avgAdmittedStudentPrefOrder', 'top1AdmittedRatio', 'top10AdmittedRatio', 'admittedTotalPref', 'admittedTotalDepartmentPref', 'currentStudentCount', 'baseScore', 'topScore', 'totalForeignStudents', 'base_salary_by_year', 'universityType_devlet', 'universityType_vakıf', 'programType_DİL', 'programType_EA', 'programType_SAY', 'programType_SÖZ', 'language_Almanca', 'language_Arapça', 'language_Bulgarca', 'language_Ermenice', 'language_Fransızca', 'language_Korece', 'language_Lehçe', 'language_Rusça', 'language_Türkçe', 'language_Çince', 'language_İngilizce', 'language_İspanyolca', 'language_İtalyanca']
2025-02-03 17:03:41.840 | ERROR    | ml_model:predict:40 - Prediction error: feature_names mismatch: ['academicYear', 'universityName', 'faculty', 'departmentName', 'idOSYM', 'scholarshipRate', 'quota', 'occupiedSlots', 'tuitionFee', 'universityLocation', 'universityRegion', 'profCount', 'assoCount', 'docCount', 'topRanking', 'avgAdmissionRanking', 'baseAdmissionRanking', 'stdDeviationStudents', 'revenue', 'outOfCityStudentRate', 'totalPreference', 'top1PreferenceRatio', 'avgOrderofPreference', 'avgAdmittedStudentPrefOrder', 'top1AdmittedRatio', 'top3AdmittedRatio', 'top10AdmittedRatio', 'admittedTotalPref', 'admittedTotalDepartmentPref', 'currentStudentCount', 'baseScore', 'topScore', 'totalForeignStudents', 'totalStudentNumber', 'Urap_Rank', 'Urap_Score', 'avg_monthly_income_group', 'Time_for_employment', 'employment_rate', 'base_salary_by_year', 'inflation_by_year', 'growth_by_year', 'universityType_devlet', 'universityType_vakıf', 'programType_DİL', 'programType_EA', 'programType_SAY', 'programType_SÖZ', 'language_Almanca', 'language_Arapça', 'language_Bulgarca', 'language_Ermenice', 'language_Fransızca', 'language_Korece', 'language_Lehçe', 'language_Rusça', 'language_Türkçe', 'language_Çince', 'language_İngilizce', 'language_İspanyolca', 'language_İtalyanca'] ['academicYear', 'universityName', 'faculty', 'departmentName', 'idOSYM', 'scholarshipRate', 'universityLocation', 'universityRegion', 'baseAdmissionRanking', 'outOfCityStudentRate', 'avgOrderofPreference', 'top3AdmittedRatio', 'totalStudentNumber', 'Urap_Rank', 'Urap_Score', 'avg_monthly_income_group', 'Time_for_employment', 'employment_rate', 'inflation_by_year', 'growth_by_year', 'quota', 'occupiedSlots', 'tuitionFee', 'profCount', 'assoCount', 'docCount', 'topRanking', 'avgAdmissionRanking', 'stdDeviationStudents', 'revenue', 'totalPreference', 'top1PreferenceRatio', 'avgAdmittedStudentPrefOrder', 'top1AdmittedRatio', 'top10AdmittedRatio', 'admittedTotalPref', 'admittedTotalDepartmentPref', 'currentStudentCount', 'baseScore', 'topScore', 'totalForeignStudents', 'base_salary_by_year', 'universityType_devlet', 'universityType_vakıf', 'programType_DİL', 'programType_EA', 'programType_SAY', 'programType_SÖZ', 'language_Almanca', 'language_Arapça', 'language_Bulgarca', 'language_Ermenice', 'language_Fransızca', 'language_Korece', 'language_Lehçe', 'language_Rusça', 'language_Türkçe', 'language_Çince', 'language_İngilizce', 'language_İspanyolca', 'language_İtalyanca']
2025-02-03 17:03:41.841 | ERROR    | ml_model:predict:41 - Input data shape: (1, 61)
2025-02-03 17:03:41.841 | ERROR    | ml_model:predict:42 - Input data columns: Index(['academicYear', 'universityName', 'faculty', 'departmentName', 'idOSYM',
       'scholarshipRate', 'universityLocation', 'universityRegion',
       'baseAdmissionRanking', 'outOfCityStudentRate', 'avgOrderofPreference',
       'top3AdmittedRatio', 'totalStudentNumber', 'Urap_Rank', 'Urap_Score',
       'avg_monthly_income_group', 'Time_for_employment', 'employment_rate',
       'inflation_by_year', 'growth_by_year', 'quota', 'occupiedSlots',
       'tuitionFee', 'profCount', 'assoCount', 'docCount', 'topRanking',
       'avgAdmissionRanking', 'stdDeviationStudents', 'revenue',
       'totalPreference', 'top1PreferenceRatio', 'avgAdmittedStudentPrefOrder',
       'top1AdmittedRatio', 'top10AdmittedRatio', 'admittedTotalPref',
       'admittedTotalDepartmentPref', 'currentStudentCount', 'baseScore',
       'topScore', 'totalForeignStudents', 'base_salary_by_year',
       'universityType_devlet', 'universityType_vakıf', 'programType_DİL',
       'programType_EA', 'programType_SAY', 'programType_SÖZ',
       'language_Almanca', 'language_Arapça', 'language_Bulgarca',
       'language_Ermenice', 'language_Fransızca', 'language_Korece',
       'language_Lehçe', 'language_Rusça', 'language_Türkçe', 'language_Çince',
       'language_İngilizce', 'language_İspanyolca', 'language_İtalyanca'],
      dtype='object')
2025-02-03 17:03:41.841 | ERROR    | prediction_service:predict_ranking:70 - Prediction service error: feature_names mismatch: ['academicYear', 'universityName', 'faculty', 'departmentName', 'idOSYM', 'scholarshipRate', 'quota', 'occupiedSlots', 'tuitionFee', 'universityLocation', 'universityRegion', 'profCount', 'assoCount', 'docCount', 'topRanking', 'avgAdmissionRanking', 'baseAdmissionRanking', 'stdDeviationStudents', 'revenue', 'outOfCityStudentRate', 'totalPreference', 'top1PreferenceRatio', 'avgOrderofPreference', 'avgAdmittedStudentPrefOrder', 'top1AdmittedRatio', 'top3AdmittedRatio', 'top10AdmittedRatio', 'admittedTotalPref', 'admittedTotalDepartmentPref', 'currentStudentCount', 'baseScore', 'topScore', 'totalForeignStudents', 'totalStudentNumber', 'Urap_Rank', 'Urap_Score', 'avg_monthly_income_group', 'Time_for_employment', 'employment_rate', 'base_salary_by_year', 'inflation_by_year', 'growth_by_year', 'universityType_devlet', 'universityType_vakıf', 'programType_DİL', 'programType_EA', 'programType_SAY', 'programType_SÖZ', 'language_Almanca', 'language_Arapça', 'language_Bulgarca', 'language_Ermenice', 'language_Fransızca', 'language_Korece', 'language_Lehçe', 'language_Rusça', 'language_Türkçe', 'language_Çince', 'language_İngilizce', 'language_İspanyolca', 'language_İtalyanca'] ['academicYear', 'universityName', 'faculty', 'departmentName', 'idOSYM', 'scholarshipRate', 'universityLocation', 'universityRegion', 'baseAdmissionRanking', 'outOfCityStudentRate', 'avgOrderofPreference', 'top3AdmittedRatio', 'totalStudentNumber', 'Urap_Rank', 'Urap_Score', 'avg_monthly_income_group', 'Time_for_employment', 'employment_rate', 'inflation_by_year', 'growth_by_year', 'quota', 'occupiedSlots', 'tuitionFee', 'profCount', 'assoCount', 'docCount', 'topRanking', 'avgAdmissionRanking', 'stdDeviationStudents', 'revenue', 'totalPreference', 'top1PreferenceRatio', 'avgAdmittedStudentPrefOrder', 'top1AdmittedRatio', 'top10AdmittedRatio', 'admittedTotalPref', 'admittedTotalDepartmentPref', 'currentStudentCount', 'baseScore', 'topScore', 'totalForeignStudents', 'base_salary_by_year', 'universityType_devlet', 'universityType_vakıf', 'programType_DİL', 'programType_EA', 'programType_SAY', 'programType_SÖZ', 'language_Almanca', 'language_Arapça', 'language_Bulgarca', 'language_Ermenice', 'language_Fransızca', 'language_Korece', 'language_Lehçe', 'language_Rusça', 'language_Türkçe', 'language_Çince', 'language_İngilizce', 'language_İspanyolca', 'language_İtalyanca']
2025-02-03 17:25:04.626 | ERROR    | ml_model:predict:40 - Prediction error: feature_names mismatch: ['academicYear', 'universityName', 'faculty', 'departmentName', 'idOSYM', 'scholarshipRate', 'quota', 'occupiedSlots', 'tuitionFee', 'universityLocation', 'universityRegion', 'profCount', 'assoCount', 'docCount', 'topRanking', 'avgAdmissionRanking', 'baseAdmissionRanking', 'stdDeviationStudents', 'revenue', 'outOfCityStudentRate', 'totalPreference', 'top1PreferenceRatio', 'avgOrderofPreference', 'avgAdmittedStudentPrefOrder', 'top1AdmittedRatio', 'top3AdmittedRatio', 'top10AdmittedRatio', 'admittedTotalPref', 'admittedTotalDepartmentPref', 'currentStudentCount', 'baseScore', 'topScore', 'totalForeignStudents', 'totalStudentNumber', 'Urap_Rank', 'Urap_Score', 'avg_monthly_income_group', 'Time_for_employment', 'employment_rate', 'base_salary_by_year', 'inflation_by_year', 'growth_by_year', 'universityType_devlet', 'universityType_vakıf', 'programType_DİL', 'programType_EA', 'programType_SAY', 'programType_SÖZ', 'language_Almanca', 'language_Arapça', 'language_Bulgarca', 'language_Ermenice', 'language_Fransızca', 'language_Korece', 'language_Lehçe', 'language_Rusça', 'language_Türkçe', 'language_Çince', 'language_İngilizce', 'language_İspanyolca', 'language_İtalyanca'] ['academicYear', 'universityName', 'faculty', 'departmentName', 'idOSYM', 'scholarshipRate', 'universityLocation', 'universityRegion', 'baseAdmissionRanking', 'outOfCityStudentRate', 'avgOrderofPreference', 'top3AdmittedRatio', 'totalStudentNumber', 'Urap_Rank', 'Urap_Score', 'avg_monthly_income_group', 'Time_for_employment', 'employment_rate', 'inflation_by_year', 'growth_by_year', 'quota', 'occupiedSlots', 'tuitionFee', 'profCount', 'assoCount', 'docCount', 'topRanking', 'avgAdmissionRanking', 'stdDeviationStudents', 'revenue', 'totalPreference', 'top1PreferenceRatio', 'avgAdmittedStudentPrefOrder', 'top1AdmittedRatio', 'top10AdmittedRatio', 'admittedTotalPref', 'admittedTotalDepartmentPref', 'currentStudentCount', 'baseScore', 'topScore', 'totalForeignStudents', 'base_salary_by_year', 'universityType_devlet', 'universityType_vakıf', 'programType_DİL', 'programType_EA', 'programType_SAY', 'programType_SÖZ', 'language_Almanca', 'language_Arapça', 'language_Bulgarca', 'language_Ermenice', 'language_Fransızca', 'language_Korece', 'language_Lehçe', 'language_Rusça', 'language_Türkçe', 'language_Çince', 'language_İngilizce', 'language_İspanyolca', 'language_İtalyanca']
2025-02-03 17:25:04.627 | ERROR    | ml_model:predict:41 - Input data shape: (1, 61)
2025-02-03 17:25:04.627 | ERROR    | ml_model:predict:42 - Input data columns: Index(['academicYear', 'universityName', 'faculty', 'departmentName', 'idOSYM',
       'scholarshipRate', 'universityLocation', 'universityRegion',
       'baseAdmissionRanking', 'outOfCityStudentRate', 'avgOrderofPreference',
       'top3AdmittedRatio', 'totalStudentNumber', 'Urap_Rank', 'Urap_Score',
       'avg_monthly_income_group', 'Time_for_employment', 'employment_rate',
       'inflation_by_year', 'growth_by_year', 'quota', 'occupiedSlots',
       'tuitionFee', 'profCount', 'assoCount', 'docCount', 'topRanking',
       'avgAdmissionRanking', 'stdDeviationStudents', 'revenue',
       'totalPreference', 'top1PreferenceRatio', 'avgAdmittedStudentPrefOrder',
       'top1AdmittedRatio', 'top10AdmittedRatio', 'admittedTotalPref',
       'admittedTotalDepartmentPref', 'currentStudentCount', 'baseScore',
       'topScore', 'totalForeignStudents', 'base_salary_by_year',
       'universityType_devlet', 'universityType_vakıf', 'programType_DİL',
       'programType_EA', 'programType_SAY', 'programType_SÖZ',
       'language_Almanca', 'language_Arapça', 'language_Bulgarca',
       'language_Ermenice', 'language_Fransızca', 'language_Korece',
       'language_Lehçe', 'language_Rusça', 'language_Türkçe', 'language_Çince',
       'language_İngilizce', 'language_İspanyolca', 'language_İtalyanca'],
      dtype='object')
2025-02-03 17:25:04.628 | ERROR    | prediction_service:predict_ranking:70 - Prediction service error: feature_names mismatch: ['academicYear', 'universityName', 'faculty', 'departmentName', 'idOSYM', 'scholarshipRate', 'quota', 'occupiedSlots', 'tuitionFee', 'universityLocation', 'universityRegion', 'profCount', 'assoCount', 'docCount', 'topRanking', 'avgAdmissionRanking', 'baseAdmissionRanking', 'stdDeviationStudents', 'revenue', 'outOfCityStudentRate', 'totalPreference', 'top1PreferenceRatio', 'avgOrderofPreference', 'avgAdmittedStudentPrefOrder', 'top1AdmittedRatio', 'top3AdmittedRatio', 'top10AdmittedRatio', 'admittedTotalPref', 'admittedTotalDepartmentPref', 'currentStudentCount', 'baseScore', 'topScore', 'totalForeignStudents', 'totalStudentNumber', 'Urap_Rank', 'Urap_Score', 'avg_monthly_income_group', 'Time_for_employment', 'employment_rate', 'base_salary_by_year', 'inflation_by_year', 'growth_by_year', 'universityType_devlet', 'universityType_vakıf', 'programType_DİL', 'programType_EA', 'programType_SAY', 'programType_SÖZ', 'language_Almanca', 'language_Arapça', 'language_Bulgarca', 'language_Ermenice', 'language_Fransızca', 'language_Korece', 'language_Lehçe', 'language_Rusça', 'language_Türkçe', 'language_Çince', 'language_İngilizce', 'language_İspanyolca', 'language_İtalyanca'] ['academicYear', 'universityName', 'faculty', 'departmentName', 'idOSYM', 'scholarshipRate', 'universityLocation', 'universityRegion', 'baseAdmissionRanking', 'outOfCityStudentRate', 'avgOrderofPreference', 'top3AdmittedRatio', 'totalStudentNumber', 'Urap_Rank', 'Urap_Score', 'avg_monthly_income_group', 'Time_for_employment', 'employment_rate', 'inflation_by_year', 'growth_by_year', 'quota', 'occupiedSlots', 'tuitionFee', 'profCount', 'assoCount', 'docCount', 'topRanking', 'avgAdmissionRanking', 'stdDeviationStudents', 'revenue', 'totalPreference', 'top1PreferenceRatio', 'avgAdmittedStudentPrefOrder', 'top1AdmittedRatio', 'top10AdmittedRatio', 'admittedTotalPref', 'admittedTotalDepartmentPref', 'currentStudentCount', 'baseScore', 'topScore', 'totalForeignStudents', 'base_salary_by_year', 'universityType_devlet', 'universityType_vakıf', 'programType_DİL', 'programType_EA', 'programType_SAY', 'programType_SÖZ', 'language_Almanca', 'language_Arapça', 'language_Bulgarca', 'language_Ermenice', 'language_Fransızca', 'language_Korece', 'language_Lehçe', 'language_Rusça', 'language_Türkçe', 'language_Çince', 'language_İngilizce', 'language_İspanyolca', 'language_İtalyanca']
